2022-05-19_17-34-39 [restartedMain] INFO  c.c.a.AuthorizationMicroserviceApplication - Starting AuthorizationMicroserviceApplication using Java 17.0.2 on DESKTOP-N3ES1HR with PID 12892 (C:\Users\S Sai Manideep\Downloads\Pension-Management-System-main\Authorization-Microservice\target\classes started by S Sai Manideep in C:\Users\S Sai Manideep\Downloads\Pension-Management-System-main\Authorization-Microservice)
2022-05-19_17-34-39 [restartedMain] INFO  c.c.a.AuthorizationMicroserviceApplication - No active profile set, falling back to default profiles: default
2022-05-19_17-34-39 [restartedMain] INFO  o.s.b.d.e.DevToolsPropertyDefaultsPostProcessor - Devtools property defaults active! Set 'spring.devtools.add-properties' to 'false' to disable
2022-05-19_17-34-39 [restartedMain] INFO  o.s.b.d.e.DevToolsPropertyDefaultsPostProcessor - For additional web related logging consider setting the 'logging.level.web' property to 'DEBUG'
2022-05-19_17-34-39 [restartedMain] INFO  o.s.d.r.c.RepositoryConfigurationDelegate - Bootstrapping Spring Data JPA repositories in DEFAULT mode.
2022-05-19_17-34-39 [restartedMain] INFO  o.s.d.r.c.RepositoryConfigurationDelegate - Finished Spring Data repository scanning in 76 ms. Found 1 JPA repository interfaces.
2022-05-19_17-34-39 [restartedMain] INFO  o.s.cloud.context.scope.GenericScope - BeanFactory id=edddad8d-4f8b-3de1-9e23-4996f9518ee0
2022-05-19_17-34-39 [restartedMain] INFO  o.s.b.w.e.tomcat.TomcatWebServer - Tomcat initialized with port(s): 8400 (http)
2022-05-19_17-34-39 [restartedMain] INFO  o.a.coyote.http11.Http11NioProtocol - Initializing ProtocolHandler ["http-nio-8400"]
2022-05-19_17-34-39 [restartedMain] INFO  o.a.catalina.core.StandardService - Starting service [Tomcat]
2022-05-19_17-34-39 [restartedMain] INFO  o.a.catalina.core.StandardEngine - Starting Servlet engine: [Apache Tomcat/9.0.41]
2022-05-19_17-34-39 [restartedMain] INFO  o.a.c.c.C.[.[localhost].[/auth] - Initializing Spring embedded WebApplicationContext
2022-05-19_17-34-39 [restartedMain] INFO  o.s.b.w.s.c.ServletWebServerApplicationContext - Root WebApplicationContext: initialization completed in 5728 ms
2022-05-19_17-34-39 [restartedMain] INFO  com.zaxxer.hikari.HikariDataSource - HikariPool-1 - Starting...
2022-05-19_17-34-39 [restartedMain] INFO  com.zaxxer.hikari.HikariDataSource - HikariPool-1 - Start completed.
2022-05-19_17-34-39 [restartedMain] INFO  o.s.b.a.h.H2ConsoleAutoConfiguration - H2 console available at '/db'. Database available at 'jdbc:h2:mem:testdb'
2022-05-19_17-34-39 [restartedMain] INFO  o.h.jpa.internal.util.LogHelper - HHH000204: Processing PersistenceUnitInfo [name: default]
2022-05-19_17-34-39 [restartedMain] INFO  org.hibernate.Version - HHH000412: Hibernate ORM core version 5.4.27.Final
2022-05-19_17-34-39 [restartedMain] INFO  o.h.annotations.common.Version - HCANN000001: Hibernate Commons Annotations {5.1.2.Final}
2022-05-19_17-34-39 [restartedMain] INFO  org.hibernate.dialect.Dialect - HHH000400: Using dialect: org.hibernate.dialect.H2Dialect
2022-05-19_17-34-39 [restartedMain] INFO  o.h.e.t.j.p.i.JtaPlatformInitiator - HHH000490: Using JtaPlatform implementation: [org.hibernate.engine.transaction.jta.platform.internal.NoJtaPlatform]
2022-05-19_17-34-39 [restartedMain] INFO  o.s.o.j.LocalContainerEntityManagerFactoryBean - Initialized JPA EntityManagerFactory for persistence unit 'default'
2022-05-19_17-34-39 [restartedMain] INFO  o.s.b.d.a.OptionalLiveReloadServer - LiveReload server is running on port 35729
2022-05-19_17-34-39 [restartedMain] INFO  o.s.b.a.e.web.EndpointLinksResolver - Exposing 2 endpoint(s) beneath base path '/actuator'
2022-05-19_17-34-39 [restartedMain] INFO  s.d.s.w.PropertySourcedRequestMappingHandlerMapping - Mapped URL path [/v2/api-docs] onto method [springfox.documentation.swagger2.web.Swagger2Controller#getDocumentation(String, HttpServletRequest)]
2022-05-19_17-34-39 [restartedMain] INFO  o.s.s.web.DefaultSecurityFilterChain - Will secure any request with [org.springframework.security.web.context.request.async.WebAsyncManagerIntegrationFilter@7362a57b, org.springframework.security.web.context.SecurityContextPersistenceFilter@3335bfd6, org.springframework.security.web.header.HeaderWriterFilter@710302e, org.springframework.security.web.authentication.logout.LogoutFilter@45018521, com.cts.authorization.config.JwtRequestFilter@1e17351d, org.springframework.security.web.savedrequest.RequestCacheAwareFilter@32e010eb, org.springframework.security.web.servletapi.SecurityContextHolderAwareRequestFilter@4791921f, org.springframework.security.web.authentication.AnonymousAuthenticationFilter@2fe78fac, org.springframework.security.web.session.SessionManagementFilter@7a179103, org.springframework.security.web.access.ExceptionTranslationFilter@66515de8, org.springframework.security.web.access.intercept.FilterSecurityInterceptor@29c2dd90]
2022-05-19_17-34-39 [restartedMain] INFO  o.s.s.c.ThreadPoolTaskExecutor - Initializing ExecutorService 'applicationTaskExecutor'
2022-05-19_17-34-39 [restartedMain] INFO  o.a.coyote.http11.Http11NioProtocol - Starting ProtocolHandler ["http-nio-8400"]
2022-05-19_17-34-39 [restartedMain] INFO  o.s.b.w.e.tomcat.TomcatWebServer - Tomcat started on port(s): 8400 (http) with context path '/auth'
2022-05-19_17-34-39 [restartedMain] INFO  s.d.s.w.p.DocumentationPluginsBootstrapper - Context refreshed
2022-05-19_17-34-39 [restartedMain] INFO  s.d.s.w.p.DocumentationPluginsBootstrapper - Found 1 custom documentation plugin(s)
2022-05-19_17-34-39 [restartedMain] INFO  s.d.s.w.s.ApiListingReferenceScanner - Scanning for api listing references
2022-05-19_17-34-39 [restartedMain] INFO  s.d.s.w.r.o.CachingOperationNameGenerator - Generating unique operation named: handleUsingGET_1
2022-05-19_17-34-39 [restartedMain] INFO  s.d.s.w.r.o.CachingOperationNameGenerator - Generating unique operation named: handleUsingGET_2
2022-05-19_17-34-39 [restartedMain] INFO  c.c.a.AuthorizationMicroserviceApplication - Started AuthorizationMicroserviceApplication in 11.242 seconds (JVM running for 23.389)
2022-05-19_17-34-39 [http-nio-8400-exec-1] INFO  o.a.c.c.C.[.[localhost].[/auth] - Initializing Spring DispatcherServlet 'dispatcherServlet'
2022-05-19_17-34-39 [http-nio-8400-exec-1] INFO  o.s.web.servlet.DispatcherServlet - Initializing Servlet 'dispatcherServlet'
2022-05-19_17-34-39 [http-nio-8400-exec-1] INFO  o.s.web.servlet.DispatcherServlet - Completed initialization in 1 ms
2022-05-19_17-34-39 [http-nio-8400-exec-2] INFO  c.c.a.service.JwtUserDetailsService - User found
2022-05-19_17-34-39 [http-nio-8400-exec-2] INFO  c.c.a.service.JwtUserDetailsService - user successfully located
2022-05-19_17-34-39 [http-nio-8400-exec-2] INFO  c.c.a.service.JwtUserDetailsService - User found
2022-05-19_17-34-39 [http-nio-8400-exec-2] INFO  c.c.a.service.JwtUserDetailsService - user successfully located
2022-05-19_17-34-39 [http-nio-8400-exec-4] INFO  c.c.a.service.JwtUserDetailsService - User found
2022-05-19_17-34-39 [http-nio-8400-exec-4] INFO  c.c.a.service.JwtUserDetailsService - user successfully located
2022-05-19_17-34-39 [http-nio-8400-exec-5] INFO  c.c.a.service.JwtUserDetailsService - User found
2022-05-19_17-34-39 [http-nio-8400-exec-5] INFO  c.c.a.service.JwtUserDetailsService - user successfully located
2022-05-19_17-34-39 [http-nio-8400-exec-7] INFO  c.c.a.service.JwtUserDetailsService - User found
2022-05-19_17-34-39 [http-nio-8400-exec-7] INFO  c.c.a.service.JwtUserDetailsService - user successfully located
2022-05-19_17-34-39 [http-nio-8400-exec-7] INFO  c.c.a.service.JwtUserDetailsService - User found
2022-05-19_17-34-39 [http-nio-8400-exec-7] INFO  c.c.a.service.JwtUserDetailsService - user successfully located
2022-05-19_17-34-39 [http-nio-8400-exec-9] INFO  c.c.a.service.JwtUserDetailsService - User found
2022-05-19_17-34-39 [http-nio-8400-exec-9] INFO  c.c.a.service.JwtUserDetailsService - user successfully located
2022-05-19_17-34-39 [http-nio-8400-exec-1] INFO  c.c.a.service.JwtUserDetailsService - User found
2022-05-19_17-34-39 [http-nio-8400-exec-1] INFO  c.c.a.service.JwtUserDetailsService - user successfully located
2022-05-19_17-34-39 [http-nio-8400-exec-2] INFO  c.c.a.service.JwtUserDetailsService - User found
2022-05-19_17-34-39 [http-nio-8400-exec-2] INFO  c.c.a.service.JwtUserDetailsService - user successfully located
2022-05-19_19-28-26 [restartedMain] INFO  c.c.a.AuthorizationMicroserviceApplication - Starting AuthorizationMicroserviceApplication using Java 17.0.2 on DESKTOP-N3ES1HR with PID 17868 (C:\Users\S Sai Manideep\Downloads\Pension-Management-System-main\Authorization-Microservice\target\classes started by S Sai Manideep in C:\Users\S Sai Manideep\Downloads\Pension-Management-System-main\Authorization-Microservice)
2022-05-19_19-28-26 [restartedMain] INFO  c.c.a.AuthorizationMicroserviceApplication - No active profile set, falling back to default profiles: default
2022-05-19_19-28-26 [restartedMain] INFO  o.s.b.d.e.DevToolsPropertyDefaultsPostProcessor - Devtools property defaults active! Set 'spring.devtools.add-properties' to 'false' to disable
2022-05-19_19-28-26 [restartedMain] INFO  o.s.b.d.e.DevToolsPropertyDefaultsPostProcessor - For additional web related logging consider setting the 'logging.level.web' property to 'DEBUG'
2022-05-19_19-28-26 [restartedMain] INFO  o.s.d.r.c.RepositoryConfigurationDelegate - Bootstrapping Spring Data JPA repositories in DEFAULT mode.
2022-05-19_19-28-26 [restartedMain] INFO  o.s.d.r.c.RepositoryConfigurationDelegate - Finished Spring Data repository scanning in 59 ms. Found 1 JPA repository interfaces.
2022-05-19_19-28-26 [restartedMain] INFO  o.s.cloud.context.scope.GenericScope - BeanFactory id=edddad8d-4f8b-3de1-9e23-4996f9518ee0
2022-05-19_19-28-26 [restartedMain] INFO  o.s.b.w.e.tomcat.TomcatWebServer - Tomcat initialized with port(s): 8400 (http)
2022-05-19_19-28-26 [restartedMain] INFO  o.a.coyote.http11.Http11NioProtocol - Initializing ProtocolHandler ["http-nio-8400"]
2022-05-19_19-28-26 [restartedMain] INFO  o.a.catalina.core.StandardService - Starting service [Tomcat]
2022-05-19_19-28-26 [restartedMain] INFO  o.a.catalina.core.StandardEngine - Starting Servlet engine: [Apache Tomcat/9.0.41]
2022-05-19_19-28-26 [restartedMain] INFO  o.a.c.c.C.[.[localhost].[/auth] - Initializing Spring embedded WebApplicationContext
2022-05-19_19-28-26 [restartedMain] INFO  o.s.b.w.s.c.ServletWebServerApplicationContext - Root WebApplicationContext: initialization completed in 2668 ms
2022-05-19_19-28-26 [restartedMain] INFO  com.zaxxer.hikari.HikariDataSource - HikariPool-1 - Starting...
2022-05-19_19-28-26 [restartedMain] INFO  com.zaxxer.hikari.HikariDataSource - HikariPool-1 - Start completed.
2022-05-19_19-28-26 [restartedMain] INFO  o.s.b.a.h.H2ConsoleAutoConfiguration - H2 console available at '/db'. Database available at 'jdbc:h2:mem:testdb'
2022-05-19_19-28-26 [restartedMain] INFO  o.h.jpa.internal.util.LogHelper - HHH000204: Processing PersistenceUnitInfo [name: default]
2022-05-19_19-28-26 [restartedMain] INFO  org.hibernate.Version - HHH000412: Hibernate ORM core version 5.4.27.Final
2022-05-19_19-28-26 [restartedMain] INFO  o.h.annotations.common.Version - HCANN000001: Hibernate Commons Annotations {5.1.2.Final}
2022-05-19_19-28-26 [restartedMain] INFO  org.hibernate.dialect.Dialect - HHH000400: Using dialect: org.hibernate.dialect.H2Dialect
2022-05-19_19-28-26 [restartedMain] INFO  o.h.e.t.j.p.i.JtaPlatformInitiator - HHH000490: Using JtaPlatform implementation: [org.hibernate.engine.transaction.jta.platform.internal.NoJtaPlatform]
2022-05-19_19-28-26 [restartedMain] INFO  o.s.o.j.LocalContainerEntityManagerFactoryBean - Initialized JPA EntityManagerFactory for persistence unit 'default'
2022-05-19_19-28-26 [restartedMain] INFO  o.s.b.d.a.OptionalLiveReloadServer - LiveReload server is running on port 35729
2022-05-19_19-28-26 [restartedMain] INFO  o.s.b.a.e.web.EndpointLinksResolver - Exposing 2 endpoint(s) beneath base path '/actuator'
2022-05-19_19-28-26 [restartedMain] INFO  s.d.s.w.PropertySourcedRequestMappingHandlerMapping - Mapped URL path [/v2/api-docs] onto method [springfox.documentation.swagger2.web.Swagger2Controller#getDocumentation(String, HttpServletRequest)]
2022-05-19_19-28-26 [restartedMain] INFO  o.s.s.web.DefaultSecurityFilterChain - Will secure any request with [org.springframework.security.web.context.request.async.WebAsyncManagerIntegrationFilter@120ec8df, org.springframework.security.web.context.SecurityContextPersistenceFilter@689115b7, org.springframework.security.web.header.HeaderWriterFilter@54d61a21, org.springframework.security.web.authentication.logout.LogoutFilter@4582a04a, com.cts.authorization.config.JwtRequestFilter@4121c55d, org.springframework.security.web.savedrequest.RequestCacheAwareFilter@4c505a07, org.springframework.security.web.servletapi.SecurityContextHolderAwareRequestFilter@7705e464, org.springframework.security.web.authentication.AnonymousAuthenticationFilter@112f7a0d, org.springframework.security.web.session.SessionManagementFilter@71197e65, org.springframework.security.web.access.ExceptionTranslationFilter@6f27b68e, org.springframework.security.web.access.intercept.FilterSecurityInterceptor@1305ca83]
2022-05-19_19-28-26 [restartedMain] INFO  o.s.s.c.ThreadPoolTaskExecutor - Initializing ExecutorService 'applicationTaskExecutor'
2022-05-19_19-28-26 [restartedMain] INFO  o.a.coyote.http11.Http11NioProtocol - Starting ProtocolHandler ["http-nio-8400"]
2022-05-19_19-28-26 [restartedMain] INFO  o.s.b.w.e.tomcat.TomcatWebServer - Tomcat started on port(s): 8400 (http) with context path '/auth'
2022-05-19_19-28-26 [restartedMain] INFO  s.d.s.w.p.DocumentationPluginsBootstrapper - Context refreshed
2022-05-19_19-28-26 [restartedMain] INFO  s.d.s.w.p.DocumentationPluginsBootstrapper - Found 1 custom documentation plugin(s)
2022-05-19_19-28-26 [restartedMain] INFO  s.d.s.w.s.ApiListingReferenceScanner - Scanning for api listing references
2022-05-19_19-28-26 [restartedMain] INFO  s.d.s.w.r.o.CachingOperationNameGenerator - Generating unique operation named: handleUsingGET_1
2022-05-19_19-28-26 [restartedMain] INFO  s.d.s.w.r.o.CachingOperationNameGenerator - Generating unique operation named: handleUsingGET_2
2022-05-19_19-28-26 [restartedMain] INFO  c.c.a.AuthorizationMicroserviceApplication - Started AuthorizationMicroserviceApplication in 6.996 seconds (JVM running for 7.907)
2022-05-19_19-28-26 [http-nio-8400-exec-1] INFO  o.a.c.c.C.[.[localhost].[/auth] - Initializing Spring DispatcherServlet 'dispatcherServlet'
2022-05-19_19-28-26 [http-nio-8400-exec-1] INFO  o.s.web.servlet.DispatcherServlet - Initializing Servlet 'dispatcherServlet'
2022-05-19_19-28-26 [http-nio-8400-exec-1] INFO  o.s.web.servlet.DispatcherServlet - Completed initialization in 7 ms
2022-05-19_19-28-26 [http-nio-8400-exec-2] INFO  c.c.a.service.JwtUserDetailsService - User found
2022-05-19_19-28-26 [http-nio-8400-exec-2] INFO  c.c.a.service.JwtUserDetailsService - user successfully located
2022-05-19_19-28-26 [http-nio-8400-exec-2] INFO  c.c.a.service.JwtUserDetailsService - User found
2022-05-19_19-28-26 [http-nio-8400-exec-2] INFO  c.c.a.service.JwtUserDetailsService - user successfully located
2022-05-19_19-28-26 [http-nio-8400-exec-5] INFO  c.c.a.service.JwtUserDetailsService - User found
2022-05-19_19-28-26 [http-nio-8400-exec-5] INFO  c.c.a.service.JwtUserDetailsService - user successfully located
2022-05-19_19-28-26 [http-nio-8400-exec-3] INFO  c.c.a.service.JwtUserDetailsService - User found
2022-05-19_19-28-26 [http-nio-8400-exec-3] INFO  c.c.a.service.JwtUserDetailsService - user successfully located
2022-05-19_19-28-26 [http-nio-8400-exec-6] INFO  c.c.a.service.JwtUserDetailsService - User found
2022-05-19_19-28-26 [http-nio-8400-exec-6] INFO  c.c.a.service.JwtUserDetailsService - user successfully located
2022-05-19_19-28-26 [http-nio-8400-exec-9] INFO  c.c.a.service.JwtUserDetailsService - User found
2022-05-19_19-28-26 [http-nio-8400-exec-9] INFO  c.c.a.service.JwtUserDetailsService - user successfully located
2022-05-19_19-28-26 [http-nio-8400-exec-10] INFO  c.c.a.service.JwtUserDetailsService - User found
2022-05-19_19-28-26 [http-nio-8400-exec-10] INFO  c.c.a.service.JwtUserDetailsService - user successfully located
2022-05-19_19-28-26 [http-nio-8400-exec-1] INFO  c.c.a.service.JwtUserDetailsService - User found
2022-05-19_19-28-26 [http-nio-8400-exec-1] INFO  c.c.a.service.JwtUserDetailsService - user successfully located
2022-05-19_19-28-26 [http-nio-8400-exec-2] INFO  c.c.a.service.JwtUserDetailsService - User found
2022-05-19_19-28-26 [http-nio-8400-exec-2] INFO  c.c.a.service.JwtUserDetailsService - user successfully located
